ECS.SongInfo.Lower = {
	-- These values will be calculated and set below.
	MinBpm = 0,
	MaxBpm = 0,
	MinScaled16ths = 0,
	MaxScaled16ths = 0,
	MinBlockLevel = 0,
	MaxBlockLevel = 0,
	MinLength = 0,
	Songs = {
		{
			id=1,
			name="Discovery",
			pack="StoryTime Chapter 1",
			difficulty=12,
			steps=1931,
			bpm_tier=130,
			measures=110,
			adj_stream=0.7971,
			bpm=130,
			length=4.4,
			dp=0, ep=1000, dp_ep=363, rp=1000,
		},
		{
			id=2,
			name="The Ones We Loved (Dogzilla Remix)",
			pack="TranceMania 3",
			difficulty=12,
			steps=1927,
			bpm_tier=130,
			measures=86,
			adj_stream=0.6772,
			bpm=136,
			length=4.94,
			dp=200, ep=800, dp_ep=363, rp=1000,
		},
		{
			id=3,
			name="Crazy Loop (Mm Ma Ma)",
			pack="Xynn's LVTS 2",
			difficulty=12,
			steps=1457,
			bpm_tier=130,
			measures=82,
			adj_stream=0.7664,
			bpm=133,
			length=3.55,
			dp=100, ep=934, dp_ep=410, rp=1000,
		},
		{
			id=4,
			name="I'm Coming",
			pack="Big Waves",
			difficulty=12,
			steps=1113,
			bpm_tier=130,
			measures=54,
			adj_stream=0.7297,
			bpm=135,
			length=2.9,
			dp=167, ep=600, dp_ep=46, rp=1000,
		},
		{
			id=5,
			name="Higanbana (Autobahn Remix)",
			pack="moimoimoimoimoi",
			difficulty=12,
			steps=1784,
			bpm_tier=140,
			measures=89,
			adj_stream=0.6544,
			bpm=140,
			length=4.43,
			dp=334, ep=734, dp_ep=456, rp=1000,
		},
		{
			id=6,
			name="Pernicious Deed",
			pack="Nav's Spicy Singles",
			difficulty=12,
			steps=1892,
			bpm_tier=140,
			measures=84,
			adj_stream=0.5316,
			bpm=145,
			length=5.6,
			dp=500, ep=534, dp_ep=410, rp=1000,
		},
		{
			id=7,
			name="Wastelands",
			pack="Mozee Metal",
			difficulty=12,
			steps=1807,
			bpm_tier=140,
			measures=81,
			adj_stream=0.609,
			bpm=146,
			length=4.55,
			dp=534, ep=667, dp_ep=638, rp=1000,
		},
		{
			id=8,
			name="Zi-Zi's Journey",
			pack="Lindsey Stirling",
			difficulty=12,
			steps=1373,
			bpm_tier=140,
			measures=77,
			adj_stream=0.7476,
			bpm=140,
			length=3.29,
			dp=334, ep=867, dp_ep=638, rp=1000,
		},
		{
			id=9,
			name="The Sampling Paradise (Extended)",
			pack="SlowStreamz",
			difficulty=12,
			steps=2126,
			bpm_tier=150,
			measures=64,
			adj_stream=0.3596,
			bpm=150,
			length=5.12,
			dp=667, ep=267, dp_ep=273, rp=1000,
		},
		{
			id=10,
			name="Lifelight (Camellia's Hardstyle Bootleg)",
			pack="StS",
			difficulty=12,
			steps=1435,
			bpm_tier=150,
			measures=55,
			adj_stream=0.4911,
			bpm=150,
			length=4.03,
			dp=667, ep=334, dp_ep=365, rp=1000,
		},
		{
			id=11,
			name="Blood Is Pumpin' (Hard)",
			pack="SlowStreamz",
			difficulty=12,
			steps=1891,
			bpm_tier=150,
			measures=49,
			adj_stream=0.3063,
			bpm=150,
			length=5.52,
			dp=667, ep=67, dp_ep=0, rp=1000,
		},
		{
			id=12,
			name="Wheelpower & Go",
			pack="Eurobeat Is Fantastic",
			difficulty=12,
			steps=1528,
			bpm_tier=150,
			measures=43,
			adj_stream=0.3094,
			bpm=156,
			length=3.77,
			dp=867, ep=0, dp_ep=182, rp=1000,
		},
		{
			id=13,
			name="Drink",
			pack="Squirrel Metal II",
			difficulty=12,
			steps=1612,
			bpm_tier=160,
			measures=62,
			adj_stream=0.5536,
			bpm=160,
			length=3.32,
			dp=1000, ep=467, dp_ep=1000, rp=1000,
		},
		{
			id=14,
			name="Gimme Your Desire (Hard)",
			pack="Eurobeat Is Fantastic - Second Stage",
			difficulty=12,
			steps=1273,
			bpm_tier=160,
			measures=55,
			adj_stream=0.5914,
			bpm=160,
			length=2.9,
			dp=1000, ep=400, dp_ep=909, rp=1000,
		},
		{
			id=15,
			name="When the Sun Goes Down (Medium)",
			pack="Eurobeat Is Fantastic",
			difficulty=12,
			steps=1638,
			bpm_tier=160,
			measures=53,
			adj_stream=0.4015,
			bpm=160,
			length=4.35,
			dp=1000, ep=200, dp_ep=636, rp=1000,
		},
		{
			id=16,
			name="Stay Awake (Hard)",
			pack="Hospitality",
			difficulty=12,
			steps=1114,
			bpm_tier=160,
			measures=47,
			adj_stream=0.4123,
			bpm=160,
			length=3.4,
			dp=1000, ep=134, dp_ep=546, rp=1000,
		},
		{
			id=17,
			name="Deep Jungle Walk",
			pack="yutsi-type beats",
			difficulty=13,
			steps=3478,
			bpm_tier=130,
			measures=198,
			adj_stream=0.8082,
			bpm=138,
			length=7.62,
			dp=140, ep=1000, dp_ep=805, rp=2000,
		},
		{
			id=18,
			name="Alone Tonight (Ronski Speed Remix)",
			pack="SlowStreamz",
			difficulty=13,
			steps=3305,
			bpm_tier=130,
			measures=190,
			adj_stream=0.819,
			bpm=138,
			length=7.33,
			dp=140, ep=948, dp_ep=723, rp=2000,
		},
		{
			id=19,
			name="No Shields",
			pack="SlowStreamz",
			difficulty=13,
			steps=2290,
			bpm_tier=130,
			measures=135,
			adj_stream=0.8766,
			bpm=132,
			length=5.21,
			dp=0, ep=895, dp_ep=418, rp=2000,
		},
		{
			id=20,
			name="March of the ants",
			pack="The Starter Pack of Stamina",
			difficulty=13,
			steps=1652,
			bpm_tier=130,
			measures=101,
			adj_stream=0.9902,
			bpm=134,
			length=3.43,
			dp=47, ep=790, dp_ep=327, rp=2000,
		},
		{
			id=21,
			name="Sa'eed",
			pack="SlowStreamz",
			difficulty=13,
			steps=2881,
			bpm_tier=140,
			measures=153,
			adj_stream=0.6955,
			bpm=145,
			length=6.62,
			dp=303, ep=685, dp_ep=565, rp=2000,
		},
		{
			id=22,
			name="Set Me On Fire (Novice)",
			pack="Pendulum Act III",
			difficulty=13,
			steps=2391,
			bpm_tier=140,
			measures=142,
			adj_stream=0.8402,
			bpm=140,
			length=5.09,
			dp=187, ep=843, dp_ep=631, rp=2000,
		},
		{
			id=23,
			name="Virtual Pilgrim",
			pack="StS",
			difficulty=13,
			steps=2146,
			bpm_tier=140,
			measures=119,
			adj_stream=0.8623,
			bpm=148,
			length=4.22,
			dp=373, ep=737, dp_ep=758, rp=2000,
		},
		{
			id=24,
			name="Switch !",
			pack="Eurobeat Is Fantastic",
			difficulty=13,
			steps=2259,
			bpm_tier=140,
			measures=117,
			adj_stream=0.7905,
			bpm=140,
			length=5.03,
			dp=187, ep=632, dp_ep=299, rp=2000,
		},
		{
			id=25,
			name="Aphasia",
			pack="Team Grimoire",
			difficulty=13,
			steps=2057,
			bpm_tier=150,
			measures=97,
			adj_stream=0.6736,
			bpm=155,
			length=3.98,
			dp=535, ep=527, dp_ep=682, rp=2000,
		},
		{
			id=26,
			name="Deja Vu",
			pack="Eurobeat Is Fantastic",
			difficulty=13,
			steps=1996,
			bpm_tier=150,
			measures=94,
			adj_stream=0.6763,
			bpm=154,
			length=4.13,
			dp=512, ep=474, dp_ep=562, rp=2000,
		},
		{
			id=27,
			name="CHAOS",
			pack="Cytus II",
			difficulty=13,
			steps=1732,
			bpm_tier=150,
			measures=91,
			adj_stream=0.7339,
			bpm=150,
			length=3.71,
			dp=419, ep=579, dp_ep=581, rp=2000,
		},
		{
			id=28,
			name="Louder",
			pack="Hardbass Madness",
			difficulty=13,
			steps=2021,
			bpm_tier=150,
			measures=86,
			adj_stream=0.5772,
			bpm=150,
			length=4.4,
			dp=419, ep=211, dp_ep=0, rp=2000,
		},
		{
			id=29,
			name="Uh...Man",
			pack="Jayrocking",
			difficulty=13,
			steps=1890,
			bpm_tier=160,
			measures=91,
			adj_stream=0.6408,
			bpm=162,
			length=3.78,
			dp=698, ep=369, dp_ep=690, rp=2000,
		},
		{
			id=30,
			name="Fright March",
			pack="itg! Rhythm is just a step away",
			difficulty=13,
			steps=1280,
			bpm_tier=160,
			measures=68,
			adj_stream=0.7907,
			bpm=160,
			length=2.72,
			dp=652, ep=422, dp_ep=701, rp=2000,
		},
		{
			id=31,
			name="P.L.U.C.K. (Medium)",
			pack="System of a Down",
			difficulty=13,
			steps=1520,
			bpm_tier=160,
			measures=67,
			adj_stream=0.6505,
			bpm=165,
			length=3.42,
			dp=768, ep=106, dp_ep=385, rp=2000,
		},
		{
			id=32,
			name="The Top",
			pack="Eurobeat Is Fantastic",
			difficulty=13,
			steps=1457,
			bpm_tier=160,
			measures=62,
			adj_stream=0.6019,
			bpm=160,
			length=3.22,
			dp=652, ep=53, dp_ep=119, rp=2000,
		},
		{
			id=33,
			name="Timeleap",
			pack="Comiket 95",
			difficulty=13,
			steps=2023,
			bpm_tier=170,
			measures=86,
			adj_stream=0.6232,
			bpm=165,
			length=4.23,
			dp=768, ep=316, dp_ep=717, rp=2000,
		},
		{
			id=34,
			name="Alphaseeker",
			pack="Bass Chasers",
			difficulty=13,
			steps=1194,
			bpm_tier=170,
			measures=66,
			adj_stream=0.6804,
			bpm=170,
			length=3.27,
			dp=884, ep=158, dp_ep=650, rp=2000,
		},
		{
			id=35,
			name="Sakura Fubuki (Ata Remix)",
			pack="ITGAlex's Stamina Safari",
			difficulty=13,
			steps=1237,
			bpm_tier=170,
			measures=63,
			adj_stream=0.7159,
			bpm=175,
			length=2.83,
			dp=1000, ep=264, dp_ep=1000, rp=2000,
		},
		{
			id=36,
			name="Come & Get It",
			pack="Hospitality",
			difficulty=13,
			steps=1267,
			bpm_tier=170,
			measures=57,
			adj_stream=0.5534,
			bpm=174,
			length=3.03,
			dp=977, ep=0, dp_ep=548, rp=2000,
		},
		{
			id=37,
			name="Eskimo & Icebird Megamix",
			pack="Xynn's LVTS 2",
			difficulty=14,
			steps=8302,
			bpm_tier=140,
			measures=461,
			adj_stream=0.7317,
			bpm=140,
			length=18.37,
			dp=0, ep=1000, dp_ep=286, rp=3000,
		},
		{
			id=38,
			name="Dreamenddischarger",
			pack="SlowStreamz",
			difficulty=14,
			steps=4638,
			bpm_tier=140,
			measures=277,
			adj_stream=0.8602,
			bpm=140,
			length=9.37,
			dp=0, ep=950, dp_ep=143, rp=3000,
		},
		{
			id=39,
			name="Dog Days Bliss (Album Edit)",
			pack="yutsi-type beats",
			difficulty=14,
			steps=4436,
			bpm_tier=140,
			measures=249,
			adj_stream=0.8527,
			bpm=144,
			length=8.89,
			dp=100, ep=850, dp_ep=143, rp=3000,
		},
		{
			id=40,
			name="Moscow 3980",
			pack="SlowStreamz",
			difficulty=14,
			steps=4273,
			bpm_tier=140,
			measures=249,
			adj_stream=0.9055,
			bpm=147,
			length=7.97,
			dp=175, ep=900, dp_ep=500, rp=3000,
		},
		{
			id=41,
			name="Mala",
			pack="SlowStreamz",
			difficulty=14,
			steps=3508,
			bpm_tier=140,
			measures=209,
			adj_stream=0.9048,
			bpm=145,
			length=7.37,
			dp=125, ep=800, dp_ep=72, rp=3000,
		},
		{
			id=42,
			name="Full Circle",
			pack="Big Waves",
			difficulty=14,
			steps=3459,
			bpm_tier=150,
			measures=174,
			adj_stream=0.719,
			bpm=158,
			length=7.44,
			dp=450, ep=650, dp_ep=572, rp=3000,
		},
		{
			id=43,
			name="Gas Gas Gas",
			pack="Eurobeat Is Fantastic",
			difficulty=14,
			steps=2443,
			bpm_tier=150,
			measures=143,
			adj_stream=0.8363,
			bpm=154,
			length=4.52,
			dp=350, ep=750, dp_ep=572, rp=3000,
		},
		{
			id=44,
			name="Granblaze",
			pack="ITGAlex's Stamina Singles",
			difficulty=14,
			steps=2113,
			bpm_tier=150,
			measures=121,
			adj_stream=0.761,
			bpm=158,
			length=4.58,
			dp=450, ep=550, dp_ep=286, rp=3000,
		},
		{
			id=45,
			name="Grimoire of Blue",
			pack="Team Grimoire",
			difficulty=14,
			steps=1784,
			bpm_tier=150,
			measures=104,
			adj_stream=1,
			bpm=155,
			length=3.87,
			dp=375, ep=700, dp_ep=500, rp=3000,
		},
		{
			id=46,
			name="Katamari on the Rocks",
			pack="Xynn's LVTS 2",
			difficulty=14,
			steps=3144,
			bpm_tier=160,
			measures=148,
			adj_stream=0.682,
			bpm=160,
			length=5.88,
			dp=500, ep=600, dp_ep=572, rp=3000,
		},
		{
			id=47,
			name="Hooligans",
			pack="Eurobeat Is Fantastic",
			difficulty=14,
			steps=2100,
			bpm_tier=160,
			measures=105,
			adj_stream=0.7343,
			bpm=160,
			length=4.08,
			dp=500, ep=400, dp_ep=0, rp=3000,
		},
		{
			id=48,
			name="80808",
			pack="Death Grips",
			difficulty=14,
			steps=1797,
			bpm_tier=160,
			measures=100,
			adj_stream=0.7812,
			bpm=161,
			length=3.23,
			dp=525, ep=450, dp_ep=215, rp=3000,
		},
		{
			id=49,
			name="Adrenaline",
			pack="Eurobeat Is Fantastic - Second Stage",
			difficulty=14,
			steps=1663,
			bpm_tier=160,
			measures=97,
			adj_stream=0.8584,
			bpm=163,
			length=2.87,
			dp=575, ep=500, dp_ep=500, rp=3000,
		},
		{
			id=50,
			name="Akatsuki",
			pack="Squirrel Metal II",
			difficulty=14,
			steps=2533,
			bpm_tier=170,
			measures=116,
			adj_stream=0.5979,
			bpm=170,
			length=5.36,
			dp=750, ep=300, dp_ep=429, rp=3000,
		},
		{
			id=51,
			name="kagetsu",
			pack="Stamina Showcase 2",
			difficulty=14,
			steps=2554,
			bpm_tier=170,
			measures=111,
			adj_stream=0.5812,
			bpm=175,
			length=5.05,
			dp=875, ep=150, dp_ep=358, rp=3000,
		},
		{
			id=52,
			name="Black Church",
			pack="Cirque du Miura",
			difficulty=14,
			steps=1862,
			bpm_tier=170,
			measures=96,
			adj_stream=0.7273,
			bpm=174,
			length=4.09,
			dp=850, ep=350, dp_ep=858, rp=3000,
		},
		{
			id=53,
			name="Tension",
			pack="Hospitality",
			difficulty=14,
			steps=1811,
			bpm_tier=170,
			measures=89,
			adj_stream=0.6593,
			bpm=174,
			length=4.8,
			dp=850, ep=100, dp_ep=143, rp=3000,
		},
		{
			id=54,
			name="Way Away",
			pack="Big Waves",
			difficulty=14,
			steps=1846,
			bpm_tier=180,
			measures=95,
			adj_stream=0.6738,
			bpm=180,
			length=3.38,
			dp=1000, ep=250, dp_ep=1000, rp=3000,
		},
		{
			id=55,
			name="squartatrice",
			pack="Cirque du Enzo",
			difficulty=14,
			steps=2338,
			bpm_tier=180,
			measures=87,
			adj_stream=0.5437,
			bpm=180,
			length=4.8,
			dp=1000, ep=50, dp_ep=429, rp=3000,
		},
		{
			id=56,
			name="Digital Warrior",
			pack="Bass Chasers",
			difficulty=14,
			steps=1614,
			bpm_tier=180,
			measures=86,
			adj_stream=0.688,
			bpm=180,
			length=3.58,
			dp=1000, ep=200, dp_ep=858, rp=3000,
		},
		{
			id=57,
			name="Vertex ALPHA (Hard)",
			pack="BaguetteStreamz 2",
			difficulty=14,
			steps=1830,
			bpm_tier=180,
			measures=75,
			adj_stream=0.5102,
			bpm=180,
			length=4.07,
			dp=1000, ep=0, dp_ep=286, rp=3000,
		},
		{
			id=58,
			name="Trance Trance Revolution",
			pack="Barber Cuts 3",
			difficulty=15,
			steps=16677,
			bpm_tier=140,
			measures=994,
			adj_stream=0.8606,
			bpm=140,
			length=33.29,
			dp=0, ep=1000, dp_ep=467, rp=4000,
		},
		{
			id=59,
			name="kunkka-kunkka",
			pack="All The Rounds 4",
			difficulty=15,
			steps=4991,
			bpm_tier=150,
			measures=312,
			adj_stream=1,
			bpm=150,
			length=8.61,
			dp=197, ep=950, dp_ep=673, rp=4000,
		},
		{
			id=60,
			name="G e n g a o z o -Noize of Nocent-",
			pack="Stamina Secret Santa 2019",
			difficulty=15,
			steps=4500,
			bpm_tier=150,
			measures=269,
			adj_stream=0.934,
			bpm=155,
			length=8.03,
			dp=295, ep=900, dp_ep=740, rp=4000,
		},
		{
			id=61,
			name="Night Of Fire v2",
			pack="Eurobeat Is Fantastic",
			difficulty=15,
			steps=2919,
			bpm_tier=150,
			measures=179,
			adj_stream=0.9728,
			bpm=155,
			length=4.85,
			dp=295, ep=850, dp_ep=670, rp=4000,
		},
		{
			id=62,
			name="REASON for RED (Hard)",
			pack="Stamina Showcase 2",
			difficulty=15,
			steps=2628,
			bpm_tier=150,
			measures=149,
			adj_stream=0.9141,
			bpm=159,
			length=4.58,
			dp=373, ep=700, dp_ep=569, rp=4000,
		},
		{
			id=63,
			name="GENE",
			pack="fsorae's fstamina ffuckeronis",
			difficulty=15,
			steps=3260,
			bpm_tier=160,
			measures=194,
			adj_stream=0.8362,
			bpm=163,
			length=6.04,
			dp=451, ep=800, dp_ep=818, rp=4000,
		},
		{
			id=64,
			name="Ice Angel",
			pack="StoryTime Chapter 1",
			difficulty=15,
			steps=3305,
			bpm_tier=160,
			measures=193,
			adj_stream=0.7782,
			bpm=168,
			length=6,
			dp=550, ep=750, dp_ep=887, rp=4000,
		},
		{
			id=65,
			name="Zusammengehorigkeit Hommarju Remix",
			pack="BaguetteStreamz",
			difficulty=15,
			steps=3176,
			bpm_tier=160,
			measures=175,
			adj_stream=0.8102,
			bpm=165,
			length=5.79,
			dp=491, ep=650, dp_ep=664, rp=4000,
		},
		{
			id=66,
			name="Battle Train -HOT SOTA MIX-",
			pack="Xynn's LVTS 2",
			difficulty=15,
			steps=2793,
			bpm_tier=160,
			measures=162,
			adj_stream=0.8438,
			bpm=160,
			length=5.18,
			dp=393, ep=600, dp_ep=457, rp=4000,
		},
		{
			id=67,
			name="Salt in the Wounds",
			pack="Pendulum Act III",
			difficulty=15,
			steps=3117,
			bpm_tier=170,
			measures=141,
			adj_stream=0.6589,
			bpm=174,
			length=6.38,
			dp=667, ep=500, dp_ep=701, rp=4000,
		},
		{
			id=68,
			name="Wrong (Muzzy Remix)",
			pack="Hospitality",
			difficulty=15,
			steps=3146,
			bpm_tier=170,
			measures=138,
			adj_stream=0.5679,
			bpm=175,
			length=6.72,
			dp=687, ep=350, dp_ep=519, rp=4000,
		},
		{
			id=69,
			name="Dimension Ninja",
			pack="Cirque du Enzo",
			difficulty=15,
			steps=2425,
			bpm_tier=170,
			measures=100,
			adj_stream=0.4785,
			bpm=174,
			length=4.9,
			dp=667, ep=0, dp_ep=0, rp=4000,
		},
		{
			id=70,
			name="Satellite (Sewerslvt Edit)",
			pack="Bass Chasers",
			difficulty=15,
			steps=1638,
			bpm_tier=170,
			measures=100,
			adj_stream=0.9091,
			bpm=174,
			length=2.6,
			dp=667, ep=550, dp_ep=771, rp=4000,
		},
		{
			id=71,
			name="Get Over the Barrier! (-Evolution!!-)",
			pack="Trails of Cold Stream II",
			difficulty=15,
			steps=2017,
			bpm_tier=180,
			measures=115,
			adj_stream=0.7188,
			bpm=180,
			length=3.91,
			dp=785, ep=450, dp_ep=796, rp=4000,
		},
		{
			id=72,
			name="Epimedium",
			pack="Bass Chasers",
			difficulty=15,
			steps=1652,
			bpm_tier=180,
			measures=94,
			adj_stream=0.6912,
			bpm=180,
			length=3.51,
			dp=785, ep=200, dp_ep=446, rp=4000,
		},
		{
			id=73,
			name="A Town With An Ocean View (el Poco Maro Remix)",
			pack="Hospitality",
			difficulty=15,
			steps=1748,
			bpm_tier=180,
			measures=91,
			adj_stream=0.7054,
			bpm=180,
			length=3.36,
			dp=785, ep=250, dp_ep=516, rp=4000,
		},
		{
			id=74,
			name="Virtual Paradise",
			pack="The Joy of Streaming",
			difficulty=15,
			steps=1376,
			bpm_tier=180,
			measures=79,
			adj_stream=0.7054,
			bpm=188,
			length=3.11,
			dp=942, ep=100, dp_ep=526, rp=4000,
		},
		{
			id=75,
			name="Dawn Of Victory",
			pack="BaguetteStreamz 2",
			difficulty=15,
			steps=2630,
			bpm_tier=190,
			measures=126,
			adj_stream=0.6238,
			bpm=190,
			length=4.72,
			dp=981, ep=400, dp_ep=1000, rp=4000,
		},
		{
			id=76,
			name="Wolves Standing Towards Enemies",
			pack="The Joy of Streaming",
			difficulty=15,
			steps=1560,
			bpm_tier=190,
			measures=81,
			adj_stream=0.7431,
			bpm=191,
			length=2.85,
			dp=1000, ep=150, dp_ep=677, rp=4000,
		},
		{
			id=77,
			name="AO-INFINITY",
			pack="Cirque du Enzo",
			difficulty=15,
			steps=1747,
			bpm_tier=190,
			measures=72,
			adj_stream=0.6667,
			bpm=191,
			length=3.56,
			dp=1000, ep=50, dp_ep=537, rp=4000,
		},
		{
			id=78,
			name="Unreliable Narrator",
			pack="Resistance Device",
			difficulty=15,
			steps=1362,
			bpm_tier=190,
			measures=68,
			adj_stream=0.8608,
			bpm=190,
			length=2.61,
			dp=981, ep=300, dp_ep=860, rp=4000,
		},
		{
			id=79,
			name="The Epic of Zektbach",
			pack="Big Waves",
			difficulty=16,
			steps=10035,
			bpm_tier=160,
			measures=561,
			adj_stream=0.7879,
			bpm=165,
			length=18.5,
			dp=105, ep=1000, dp_ep=858, rp=5000,
		},
		{
			id=80,
			name="Eurobeat Is Fantastic ~Part 3~",
			pack="Eurobeat Is Fantastic",
			difficulty=16,
			steps=5614,
			bpm_tier=160,
			measures=330,
			adj_stream=0.8684,
			bpm=160,
			length=9.82,
			dp=0, ep=950, dp_ep=368, rp=5000,
		},
		{
			id=81,
			name="Eastern Dream",
			pack="Demetori ACT 1",
			difficulty=16,
			steps=5762,
			bpm_tier=160,
			measures=324,
			adj_stream=0.8438,
			bpm=165,
			length=10.33,
			dp=105, ep=850, dp_ep=383, rp=5000,
		},
		{
			id=82,
			name="Entity",
			pack="ITGAlex's Stamina Safari",
			difficulty=16,
			steps=4797,
			bpm_tier=160,
			measures=291,
			adj_stream=0.9238,
			bpm=162,
			length=7.93,
			dp=42, ep=900, dp_ep=342, rp=5000,
		},
		{
			id=83,
			name="unnatural",
			pack="Goreshit 2020",
			difficulty=16,
			steps=3939,
			bpm_tier=160,
			measures=238,
			adj_stream=0.9835,
			bpm=167,
			length=6.35,
			dp=146, ep=800, dp_ep=355, rp=5000,
		},
		{
			id=84,
			name="Meteor Shower",
			pack="Cirque du Enzo",
			difficulty=16,
			steps=3719,
			bpm_tier=170,
			measures=224,
			adj_stream=0.875,
			bpm=174,
			length=5.98,
			dp=292, ep=750, dp_ep=659, rp=5000,
		},
		{
			id=85,
			name="Just One Second",
			pack="Hospitality",
			difficulty=16,
			steps=3392,
			bpm_tier=170,
			measures=201,
			adj_stream=0.9013,
			bpm=173,
			length=5.46,
			dp=271, ep=700, dp_ep=434, rp=5000,
		},
		{
			id=86,
			name="United (L.A.O.S. Remix)",
			pack="Hospitality",
			difficulty=16,
			steps=3124,
			bpm_tier=170,
			measures=166,
			adj_stream=0.8469,
			bpm=175,
			length=5.41,
			dp=313, ep=600, dp_ep=250, rp=5000,
		},
		{
			id=87,
			name="Crush",
			pack="Pendulum Act III",
			difficulty=16,
			steps=1921,
			bpm_tier=170,
			measures=120,
			adj_stream=1,
			bpm=174,
			length=3.06,
			dp=292, ep=550, dp_ep=26, rp=5000,
		},
		{
			id=88,
			name="I'm Not Crazy",
			pack="The Joy of Streaming 2",
			difficulty=16,
			steps=4312,
			bpm_tier=180,
			measures=198,
			adj_stream=0.6828,
			bpm=180,
			length=7.47,
			dp=417, ep=500, dp_ep=263, rp=5000,
		},
		{
			id=89,
			name="Cybernecia Catharsis",
			pack="ITGAlex's Stamina Singles",
			difficulty=16,
			steps=2512,
			bpm_tier=180,
			measures=138,
			adj_stream=0.7797,
			bpm=184,
			length=4.59,
			dp=500, ep=350, dp_ep=51, rp=5000,
		},
		{
			id=90,
			name="Fly Away",
			pack="ITGAlex's Stamina Safari",
			difficulty=16,
			steps=2283,
			bpm_tier=180,
			measures=134,
			adj_stream=0.8375,
			bpm=186,
			length=3.48,
			dp=542, ep=450, dp_ep=500, rp=5000,
		},
		{
			id=91,
			name="Heretic Witch",
			pack="SHARPNELSTREAMZ v3 Part 2",
			difficulty=16,
			steps=2155,
			bpm_tier=180,
			measures=133,
			adj_stream=0.9925,
			bpm=184,
			length=3.06,
			dp=500, ep=650, dp_ep=1000, rp=5000,
		},
		{
			id=92,
			name="Night sky",
			pack="ITGAlex's Stamina Safari",
			difficulty=16,
			steps=2708,
			bpm_tier=190,
			measures=148,
			adj_stream=0.7668,
			bpm=192,
			length=4.44,
			dp=667, ep=400, dp_ep=738, rp=5000,
		},
		{
			id=93,
			name="Salvation",
			pack="Cirque du Enzo",
			difficulty=16,
			steps=2674,
			bpm_tier=190,
			measures=130,
			adj_stream=0.6373,
			bpm=192,
			length=4.92,
			dp=667, ep=300, dp_ep=421, rp=5000,
		},
		{
			id=94,
			name="Say Hello to HOLLOWood feat. Nene Akagawa",
			pack="BaguetteStreamz 2",
			difficulty=16,
			steps=2520,
			bpm_tier=190,
			measures=127,
			adj_stream=0.6318,
			bpm=192,
			length=4.56,
			dp=667, ep=250, dp_ep=263, rp=5000,
		},
		{
			id=95,
			name="Aragami",
			pack="xi preview",
			difficulty=16,
			steps=1909,
			bpm_tier=190,
			measures=94,
			adj_stream=0.7344,
			bpm=196,
			length=3.45,
			dp=750, ep=150, dp_ep=209, rp=5000,
		},
		{
			id=96,
			name="Heaven's Fall 2016 Rebuild",
			pack="Helblinde 2016",
			difficulty=16,
			steps=2623,
			bpm_tier=200,
			measures=127,
			adj_stream=0.6287,
			bpm=200,
			length=4.24,
			dp=834, ep=200, dp_ep=633, rp=5000,
		},
		{
			id=97,
			name="BroGamer (Extended Mix)",
			pack="BaguetteStreamz 2.5",
			difficulty=16,
			steps=1991,
			bpm_tier=200,
			measures=93,
			adj_stream=0.6596,
			bpm=207,
			length=3.38,
			dp=980, ep=100, dp_ep=779, rp=5000,
		},
		{
			id=98,
			name="Deus ex Machina",
			pack="Cirque du Enzo",
			difficulty=16,
			steps=1877,
			bpm_tier=200,
			measures=87,
			adj_stream=0.6541,
			bpm=208,
			length=2.94,
			dp=1000, ep=50, dp_ep=684, rp=5000,
		},
		{
			id=99,
			name="Liberator feat. blaxervant",
			pack="Resistance Device",
			difficulty=16,
			steps=1655,
			bpm_tier=200,
			measures=78,
			adj_stream=0.6903,
			bpm=200,
			length=3.56,
			dp=834, ep=0, dp_ep=0, rp=5000,
		},
		{
			id=100,
			name="Space Box",
			pack="Scrapyard Kent",
			difficulty=17,
			steps=9735,
			bpm_tier=170,
			measures=575,
			adj_stream=0.8557,
			bpm=175,
			length=15.86,
			dp=23, ep=950, dp_ep=677, rp=6000,
		},
		{
			id=101,
			name="Bio Tunnel Magnetic Transport",
			pack="Hospitality",
			difficulty=17,
			steps=5743,
			bpm_tier=170,
			measures=336,
			adj_stream=0.7636,
			bpm=179,
			length=10.3,
			dp=114, ep=750, dp_ep=419, rp=6000,
		},
		{
			id=102,
			name="Toxic Shock (Novice)",
			pack="Pendulum Act IV",
			difficulty=17,
			steps=5139,
			bpm_tier=170,
			measures=317,
			adj_stream=0.9463,
			bpm=174,
			length=8,
			dp=0, ep=900, dp_ep=504, rp=6000,
		},
		{
			id=103,
			name="Lift Off FB 179",
			pack="Scrapyard Kent",
			difficulty=17,
			steps=4570,
			bpm_tier=170,
			measures=279,
			adj_stream=0.9555,
			bpm=179,
			length=7.24,
			dp=114, ep=850, dp_ep=655, rp=6000,
		},
		{
			id=104,
			name="Global Down",
			pack="Bass Chasers",
			difficulty=17,
			steps=4742,
			bpm_tier=180,
			measures=288,
			adj_stream=0.8944,
			bpm=180,
			length=7.31,
			dp=137, ep=800, dp_ep=592, rp=6000,
		},
		{
			id=105,
			name="Destination Talos",
			pack="Cranked Pastry",
			difficulty=17,
			steps=4937,
			bpm_tier=180,
			measures=270,
			adj_stream=0.8157,
			bpm=187,
			length=7.47,
			dp=296, ep=550, dp_ep=376, rp=6000,
		},
		{
			id=106,
			name="Signal (Girl's Vocal Mix)",
			pack="BaguetteStreamz 2",
			difficulty=17,
			steps=4253,
			bpm_tier=180,
			measures=250,
			adj_stream=0.8621,
			bpm=180,
			length=6.87,
			dp=137, ep=600, dp_ep=119, rp=6000,
		},
		{
			id=107,
			name="Asereje (Speed Mix)",
			pack="Jimmy Jawns 4",
			difficulty=17,
			steps=3349,
			bpm_tier=180,
			measures=208,
			adj_stream=0.9858,
			bpm=185,
			length=4.67,
			dp=250, ep=700, dp_ep=622, rp=6000,
		},
		{
			id=108,
			name="Denjin K Megamix (Restep)",
			pack="Big Waves",
			difficulty=17,
			steps=14147,
			bpm_tier=190,
			measures=794,
			adj_stream=0.7153,
			bpm=178,
			length=26.51,
			dp=91, ep=1000, dp_ep=956, rp=6000,
		},
		{
			id=109,
			name="I Miss You",
			pack="Trails of Cold Stream",
			difficulty=17,
			steps=3868,
			bpm_tier=190,
			measures=232,
			adj_stream=0.917,
			bpm=190,
			length=5.37,
			dp=364, ep=650, dp_ep=774, rp=6000,
		},
		{
			id=110,
			name="Rebirth the end (Part I - Sasanqua)",
			pack="Noah",
			difficulty=17,
			steps=3967,
			bpm_tier=190,
			measures=219,
			adj_stream=0.7374,
			bpm=198,
			length=6.71,
			dp=546, ep=400, dp_ep=613, rp=6000,
		},
		{
			id=111,
			name="La Morale De La Fable",
			pack="ExJam09 Jams",
			difficulty=17,
			steps=3888,
			bpm_tier=190,
			measures=207,
			adj_stream=0.7841,
			bpm=190,
			length=6.08,
			dp=364, ep=500, dp_ep=419, rp=6000,
		},
		{
			id=112,
			name="Difficulty-G",
			pack="SHARPNELSTREAMZ v3 Part 2",
			difficulty=17,
			steps=2815,
			bpm_tier=190,
			measures=141,
			adj_stream=0.8393,
			bpm=191,
			length=4.24,
			dp=387, ep=300, dp_ep=0, rp=6000,
		},
		{
			id=113,
			name="Whispers In The Dark",
			pack="Skittles Stream Collection",
			difficulty=17,
			steps=3489,
			bpm_tier=200,
			measures=212,
			adj_stream=0.7571,
			bpm=203,
			length=6.03,
			dp=660, ep=450, dp_ep=1000, rp=6000,
		},
		{
			id=114,
			name="Little Lies",
			pack="ITGAlex's Stamina Safari",
			difficulty=17,
			steps=3072,
			bpm_tier=200,
			measures=169,
			adj_stream=0.6815,
			bpm=205,
			length=5.4,
			dp=705, ep=250, dp_ep=634, rp=6000,
		},
		{
			id=115,
			name="Yui & I",
			pack="Helblinde PDTA",
			difficulty=17,
			steps=3158,
			bpm_tier=200,
			measures=164,
			adj_stream=0.6189,
			bpm=208,
			length=5.51,
			dp=773, ep=150, dp_ep=558, rp=6000,
		},
		{
			id=116,
			name="New Odyssey",
			pack="ITGAlex's Stamina Safari",
			difficulty=17,
			steps=2945,
			bpm_tier=200,
			measures=162,
			adj_stream=0.7788,
			bpm=204,
			length=4.75,
			dp=682, ep=350, dp_ep=816, rp=6000,
		},
		{
			id=117,
			name="Unsainted",
			pack="Jimmy Jawns 4",
			difficulty=17,
			steps=2380,
			bpm_tier=210,
			measures=123,
			adj_stream=0.7834,
			bpm=210,
			length=3.83,
			dp=819, ep=200, dp_ep=785, rp=6000,
		},
		{
			id=118,
			name="Outbreak (P*Light & DJ Myosuke Remix)",
			pack="Stamina Selects",
			difficulty=17,
			steps=2414,
			bpm_tier=210,
			measures=117,
			adj_stream=0.6126,
			bpm=210,
			length=4.3,
			dp=819, ep=50, dp_ep=431, rp=6000,
		},
		{
			id=119,
			name="Zap Your Channel",
			pack="Rebuild of Sharpnel",
			difficulty=17,
			steps=2125,
			bpm_tier=210,
			measures=107,
			adj_stream=0.6859,
			bpm=212,
			length=3.15,
			dp=864, ep=100, dp_ep=655, rp=6000,
		},
		{
			id=120,
			name="Goblin Humpa",
			pack="Kyypakkaus 2",
			difficulty=17,
			steps=1739,
			bpm_tier=210,
			measures=79,
			adj_stream=0.594,
			bpm=218,
			length=2.81,
			dp=1000, ep=0, dp_ep=740, rp=6000,
		},
	}
}
