ECS.SongInfo.Mid = {
	-- These values will be calculated and set below.
	MinBpm = 0,
	MaxBpm = 0,
	MinScaled16ths = 0,
	MaxScaled16ths = 0,
	MinBlockLevel = 0,
	MaxBlockLevel = 0,
	MinLength = 0,
	Songs = {
		{
			id=1,
			name="Sukure",
			pack="Big Waves",
			difficulty=17,
			steps=5266,
			bpm_tier=170,
			measures=319,
			adj_stream=0.9088,
			bpm=175,
			length=8.14,
			dp=0, ep=924, dp_ep=494, rp=1000,
		},
		{
			id=2,
			name="Exelion FB 178",
			pack="The Joy of Streaming",
			difficulty=17,
			steps=4091,
			bpm_tier=170,
			measures=253,
			adj_stream=0.9336,
			bpm=178,
			length=6.16,
			dp=79, ep=847, dp_ep=499, rp=1000,
		},
		{
			id=3,
			name="The Star of Collapse Acts I & II",
			pack="Skittles Stream Collection",
			difficulty=17,
			steps=4447,
			bpm_tier=180,
			measures=261,
			adj_stream=0.8729,
			bpm=183,
			length=6.98,
			dp=211, ep=693, dp_ep=442, rp=1000,
		},
		{
			id=4,
			name="Extends Levant",
			pack="ITGAlex's Stamina Singles ep.1",
			difficulty=17,
			steps=4174,
			bpm_tier=180,
			measures=243,
			adj_stream=0.924,
			bpm=180,
			length=6.48,
			dp=132, ep=770, dp_ep=437, rp=1000,
		},
		{
			id=5,
			name="Terminal Slam",
			pack="yutsi-type beats",
			difficulty=17,
			steps=3273,
			bpm_tier=180,
			measures=192,
			adj_stream=1,
			bpm=180,
			length=5.04,
			dp=132, ep=616, dp_ep=39, rp=1000,
		},
		{
			id=6,
			name="Denjin K Megamix (Restep)",
			pack="Big Waves",
			difficulty=17,
			steps=14147,
			bpm_tier=190,
			measures=794,
			adj_stream=0.7153,
			bpm=178,
			length=26.51,
			dp=79, ep=1000, dp_ep=895, rp=1000,
		},
		{
			id=7,
			name="Strawberry Crisis !",
			pack="BaguetteStreamz 2",
			difficulty=17,
			steps=2675,
			bpm_tier=190,
			measures=164,
			adj_stream=0.9762,
			bpm=190,
			length=3.6,
			dp=395, ep=539, dp_ep=520, rp=1000,
		},
		{
			id=8,
			name="fleshbound",
			pack="Goreshit 2020",
			difficulty=17,
			steps=3086,
			bpm_tier=190,
			measures=159,
			adj_stream=0.6709,
			bpm=197,
			length=6.27,
			dp=579, ep=154, dp_ep=0, rp=1000,
		},
		{
			id=9,
			name="Orca",
			pack="ITGAlex's Stamina Safari",
			difficulty=17,
			steps=2583,
			bpm_tier=190,
			measures=145,
			adj_stream=0.8192,
			bpm=195,
			length=4.1,
			dp=527, ep=308, dp_ep=264, rp=1000,
		},
		{
			id=10,
			name="The Story of Mob",
			pack="The Joy of Streaming",
			difficulty=17,
			steps=3947,
			bpm_tier=200,
			measures=225,
			adj_stream=0.7143,
			bpm=200,
			length=6.48,
			dp=658, ep=462, dp_ep=1000, rp=1000,
		},
		{
			id=11,
			name="Brooklyn Underground",
			pack="Psychedelia 2",
			difficulty=17,
			steps=3804,
			bpm_tier=200,
			measures=212,
			adj_stream=0.7114,
			bpm=200,
			length=6.08,
			dp=658, ep=385, dp_ep=802, rp=1000,
		},
		{
			id=12,
			name="Saikyo Stronger",
			pack="Mango's Microrave Samplur",
			difficulty=17,
			steps=2734,
			bpm_tier=200,
			measures=149,
			adj_stream=0.7884,
			bpm=205,
			length=4.08,
			dp=790, ep=231, dp_ep=745, rp=1000,
		},
		{
			id=13,
			name="Midnight City",
			pack="Enjou Stamina Package",
			difficulty=17,
			steps=1903,
			bpm_tier=210,
			measures=104,
			adj_stream=0.619,
			bpm=210,
			length=3.7,
			dp=922, ep=0, dp_ep=489, rp=1000,
		},
		{
			id=14,
			name="One Shot",
			pack="Kyypakkaus 2",
			difficulty=17,
			steps=1860,
			bpm_tier=210,
			measures=93,
			adj_stream=0.6643,
			bpm=213,
			length=3.38,
			dp=1000, ep=77, dp_ep=889, rp=1000,
		},
		{
			id=15,
			name="Colliding Skies - Dawn",
			pack="The Joy of Streaming 2",
			difficulty=18,
			steps=16000,
			bpm_tier=180,
			measures=946,
			adj_stream=0.8687,
			bpm=180,
			length=24.36,
			dp=0, ep=1000, dp_ep=618, rp=2000,
		},
		{
			id=16,
			name="Eurobeat Is Fantastic ~Part 2~ FB 183",
			pack="Eurobeat Is Fantastic - Second Stage",
			difficulty=18,
			steps=8755,
			bpm_tier=180,
			measures=512,
			adj_stream=0.8678,
			bpm=183,
			length=12.98,
			dp=67, ep=924, dp_ep=598, rp=2000,
		},
		{
			id=17,
			name="Trails of Cold Stream SC (Part 1) FP 186",
			pack="Trails of Cold Stream II",
			difficulty=18,
			steps=6474,
			bpm_tier=180,
			measures=384,
			adj_stream=0.9922,
			bpm=186,
			length=9.44,
			dp=134, ep=847, dp_ep=576, rp=2000,
		},
		{
			id=18,
			name="ESCAPE",
			pack="Dark Psychungus",
			difficulty=18,
			steps=5584,
			bpm_tier=190,
			measures=332,
			adj_stream=0.9222,
			bpm=195,
			length=7.59,
			dp=334, ep=770, dp_ep=847, rp=2000,
		},
		{
			id=19,
			name="Precious Song Dedicated to the Stars",
			pack="ITGAlex's Stamina Singles ep.2",
			difficulty=18,
			steps=5302,
			bpm_tier=190,
			measures=324,
			adj_stream=0.9076,
			bpm=190,
			length=7.71,
			dp=223, ep=693, dp_ep=433, rp=2000,
		},
		{
			id=20,
			name="Embrace the Endless Ocean",
			pack="Squirrel Metal II",
			difficulty=18,
			steps=4092,
			bpm_tier=190,
			measures=223,
			adj_stream=0.7825,
			bpm=195,
			length=6.3,
			dp=334, ep=385, dp_ep=0, rp=2000,
		},
		{
			id=21,
			name="Cheatreal Remake",
			pack="selected yutsi works",
			difficulty=18,
			steps=3729,
			bpm_tier=200,
			measures=226,
			adj_stream=0.9339,
			bpm=200,
			length=4.92,
			dp=445, ep=616, dp_ep=752, rp=2000,
		},
		{
			id=22,
			name="Fly",
			pack="Chimichangas",
			difficulty=18,
			steps=3776,
			bpm_tier=200,
			measures=221,
			adj_stream=0.9057,
			bpm=200,
			length=5.28,
			dp=445, ep=539, dp_ep=583, rp=2000,
		},
		{
			id=23,
			name="one way to hannover",
			pack="Goreshit 2020",
			difficulty=18,
			steps=2903,
			bpm_tier=200,
			measures=155,
			adj_stream=0.7014,
			bpm=208,
			length=5,
			dp=623, ep=154, dp_ep=128, rp=2000,
		},
		{
			id=24,
			name="Aaron",
			pack="StarrySergal's Flamin Hot Munchies",
			difficulty=18,
			steps=3378,
			bpm_tier=210,
			measures=193,
			adj_stream=0.8655,
			bpm=212,
			length=4.43,
			dp=712, ep=462, dp_ep=1000, rp=2000,
		},
		{
			id=25,
			name="Rocking Bye",
			pack="The Joy of Streaming",
			difficulty=18,
			steps=3507,
			bpm_tier=210,
			measures=188,
			adj_stream=0.6836,
			bpm=210,
			length=5.6,
			dp=667, ep=231, dp_ep=394, rp=2000,
		},
		{
			id=26,
			name="What a Horrible Night to Have a Curse",
			pack="Junts 2",
			difficulty=18,
			steps=2845,
			bpm_tier=210,
			measures=158,
			adj_stream=0.798,
			bpm=216,
			length=3.83,
			dp=800, ep=308, dp_ep=855, rp=2000,
		},
		{
			id=27,
			name="Go To Hell",
			pack="ExJam09 Jams 2",
			difficulty=18,
			steps=2294,
			bpm_tier=220,
			measures=107,
			adj_stream=0.6815,
			bpm=220,
			length=3.71,
			dp=889, ep=77, dp_ep=543, rp=2000,
		},
		{
			id=28,
			name="Usseewa (DJKurara Remix)",
			pack="Mango Showcase",
			difficulty=18,
			steps=2375,
			bpm_tier=220,
			measures=97,
			adj_stream=0.5951,
			bpm=225,
			length=4.09,
			dp=1000, ep=0, dp_ep=618, rp=2000,
		},
		{
			id=29,
			name="Enjoy The Flight (Side B) (Restep) FB 194",
			pack="Hospitality",
			difficulty=19,
			steps=14292,
			bpm_tier=190,
			measures=785,
			adj_stream=0.7162,
			bpm=194,
			length=23.38,
			dp=53, ep=1000, dp_ep=424, rp=3000,
		},
		{
			id=30,
			name="You Touched The Kore, and Now You're Going to Die",
			pack="The Joy of Streaming 2",
			difficulty=19,
			steps=7444,
			bpm_tier=190,
			measures=456,
			adj_stream=0.9913,
			bpm=192,
			length=10.06,
			dp=0, ep=924, dp_ep=57, rp=3000,
		},
		{
			id=31,
			name="After End Start Before FP 198",
			pack="Scrapyard Kent",
			difficulty=19,
			steps=6864,
			bpm_tier=190,
			measures=408,
			adj_stream=0.9488,
			bpm=198,
			length=9.36,
			dp=158, ep=847, dp_ep=287, rp=3000,
		},
		{
			id=32,
			name="5H4D0W",
			pack="yutsi-type beats",
			difficulty=19,
			steps=6537,
			bpm_tier=200,
			measures=394,
			adj_stream=0.8795,
			bpm=200,
			length=9.42,
			dp=211, ep=693, dp_ep=0, rp=3000,
		},
		{
			id=33,
			name="Cold Fusion",
			pack="selected yutsi works",
			difficulty=19,
			steps=5649,
			bpm_tier=200,
			measures=350,
			adj_stream=0.9915,
			bpm=200,
			length=7.46,
			dp=211, ep=770, dp_ep=219, rp=3000,
		},
		{
			id=34,
			name="Peyotech",
			pack="Psychedelia 2",
			difficulty=19,
			steps=4964,
			bpm_tier=200,
			measures=306,
			adj_stream=0.9839,
			bpm=203,
			length=6.36,
			dp=290, ep=616, dp_ep=6, rp=3000,
		},
		{
			id=35,
			name="In my life, my mind (Restep)",
			pack="Big Waves",
			difficulty=19,
			steps=4012,
			bpm_tier=210,
			measures=249,
			adj_stream=0.9842,
			bpm=212,
			length=4.84,
			dp=527, ep=539, dp_ep=461, rp=3000,
		},
		{
			id=36,
			name="Yosakoi Rave Fuck That!!! (Overdrive)",
			pack="Masochisma Mk 1",
			difficulty=19,
			steps=3755,
			bpm_tier=210,
			measures=225,
			adj_stream=0.9109,
			bpm=215,
			length=5.08,
			dp=606, ep=462, dp_ep=466, rp=3000,
		},
		{
			id=37,
			name="Momentary Life",
			pack="Saitama's Ultimate Weapon",
			difficulty=19,
			steps=2673,
			bpm_tier=210,
			measures=161,
			adj_stream=0.936,
			bpm=216,
			length=3.33,
			dp=632, ep=385, dp_ep=322, rp=3000,
		},
		{
			id=38,
			name="Coffin Dance (Astronomia Frenchcore Remix)",
			pack="Simfile Torah",
			difficulty=19,
			steps=2916,
			bpm_tier=220,
			measures=153,
			adj_stream=0.7183,
			bpm=220,
			length=4.29,
			dp=737, ep=231, dp_ep=182, rp=3000,
		},
		{
			id=39,
			name="Big Blue",
			pack="Saitama's Ultimate Weapon",
			difficulty=19,
			steps=2945,
			bpm_tier=220,
			measures=150,
			adj_stream=0.8065,
			bpm=228,
			length=4.05,
			dp=948, ep=308, dp_ep=1000, rp=3000,
		},
		{
			id=40,
			name="ENAMEL",
			pack="Jayrocking",
			difficulty=19,
			steps=2356,
			bpm_tier=220,
			measures=135,
			adj_stream=0.7258,
			bpm=224,
			length=3.59,
			dp=843, ep=154, dp_ep=265, rp=3000,
		},
		{
			id=41,
			name="BGM 04",
			pack="Videogame Streamables 2",
			difficulty=19,
			steps=1682,
			bpm_tier=230,
			measures=94,
			adj_stream=0.9038,
			bpm=230,
			length=2.12,
			dp=1000, ep=77, dp_ep=492, rp=3000,
		},
		{
			id=42,
			name="Sky High",
			pack="streammania IIDX",
			difficulty=19,
			steps=1400,
			bpm_tier=230,
			measures=69,
			adj_stream=0.8846,
			bpm=230,
			length=2.04,
			dp=1000, ep=0, dp_ep=273, rp=3000,
		},
		{
			id=43,
			name="Ha(Ne)rdcore OTAKU Connectionz zane & feedbacker's OP",
			pack="Junts 2",
			difficulty=20,
			steps=20511,
			bpm_tier=200,
			measures=1189,
			adj_stream=0.7921,
			bpm=200,
			length=30.38,
			dp=0, ep=1000, dp_ep=352, rp=4000,
		},
		{
			id=44,
			name="Trails of Cold Stream FC (Part 1) FB 204",
			pack="Trails of Cold Stream II",
			difficulty=20,
			steps=7994,
			bpm_tier=200,
			measures=488,
			adj_stream=0.9819,
			bpm=204,
			length=10.4,
			dp=98, ep=924, dp_ep=420, rp=4000,
		},
		{
			id=45,
			name="Naruto RMX FP 208",
			pack="yutsi-type beats",
			difficulty=20,
			steps=7451,
			bpm_tier=200,
			measures=444,
			adj_stream=0.9098,
			bpm=208,
			length=10.73,
			dp=196, ep=847, dp_ep=485, rp=4000,
		},
		{
			id=46,
			name="Repeating Memories",
			pack="selected yutsi works",
			difficulty=20,
			steps=4424,
			bpm_tier=210,
			measures=269,
			adj_stream=0.9406,
			bpm=218,
			length=5.91,
			dp=440, ep=770, dp_ep=1000, rp=4000,
		},
		{
			id=47,
			name="Sounds of Life (Medium)",
			pack="Pendulum Act III",
			difficulty=20,
			steps=4199,
			bpm_tier=210,
			measures=253,
			adj_stream=0.9301,
			bpm=218,
			length=5.13,
			dp=440, ep=616, dp_ep=525, rp=4000,
		},
		{
			id=48,
			name="the end",
			pack="Goreshit 2020",
			difficulty=20,
			steps=3940,
			bpm_tier=210,
			measures=236,
			adj_stream=0.9833,
			bpm=217,
			length=4.76,
			dp=415, ep=693, dp_ep=686, rp=4000,
		},
		{
			id=49,
			name="Suwa Foughten Field",
			pack="Big Waves",
			difficulty=20,
			steps=3811,
			bpm_tier=220,
			measures=226,
			adj_stream=0.9496,
			bpm=220,
			length=4.55,
			dp=488, ep=539, dp_ep=436, rp=4000,
		},
		{
			id=50,
			name="The Sound Of Hard",
			pack="Big Waves",
			difficulty=20,
			steps=3947,
			bpm_tier=220,
			measures=219,
			adj_stream=0.8622,
			bpm=220,
			length=5,
			dp=488, ep=462, dp_ep=198, rp=4000,
		},
		{
			id=51,
			name="Counter Hunter Stage (Megaman X2)",
			pack="Enjou Stamina Package",
			difficulty=20,
			steps=2241,
			bpm_tier=220,
			measures=140,
			adj_stream=1,
			bpm=224,
			length=2.55,
			dp=586, ep=308, dp_ep=25, rp=4000,
		},
		{
			id=52,
			name="Lust SIN II",
			pack="Skittles Stream Collection",
			difficulty=20,
			steps=3563,
			bpm_tier=230,
			measures=207,
			adj_stream=0.8625,
			bpm=230,
			length=4.56,
			dp=732, ep=385, dp_ep=713, rp=4000,
		},
		{
			id=53,
			name="Voltaic Black Knight",
			pack="Mango Showcase",
			difficulty=20,
			steps=2805,
			bpm_tier=230,
			measures=162,
			adj_stream=0.8265,
			bpm=230,
			length=3.57,
			dp=732, ep=154, dp_ep=0, rp=4000,
		},
		{
			id=54,
			name="Scarlet Tempest (Medium) Super Arrange",
			pack="Trails of Cold Stream IV",
			difficulty=20,
			steps=2570,
			bpm_tier=230,
			measures=147,
			adj_stream=0.8909,
			bpm=233,
			length=3.17,
			dp=805, ep=231, dp_ep=463, rp=4000,
		},
		{
			id=55,
			name="Heavenly caress",
			pack="Noah",
			difficulty=20,
			steps=1633,
			bpm_tier=240,
			measures=94,
			adj_stream=0.7705,
			bpm=241,
			length=2.19,
			dp=1000, ep=77, dp_ep=590, rp=4000,
		},
		{
			id=56,
			name="Spirit Of Children",
			pack="Kyypakkaus",
			difficulty=20,
			steps=1491,
			bpm_tier=240,
			measures=77,
			adj_stream=0.6875,
			bpm=240,
			length=2.17,
			dp=976, ep=0, dp_ep=278, rp=4000,
		},
		{
			id=57,
			name="stamina training",
			pack="Enjou Stamina Package",
			difficulty=21,
			steps=20678,
			bpm_tier=210,
			measures=1185,
			adj_stream=0.7472,
			bpm=210,
			length=31.12,
			dp=0, ep=1000, dp_ep=679, rp=5000,
		},
		{
			id=58,
			name="goretrance x (serbian fuckboy edition) (Side A) FP 216",
			pack="Goreshit 2020",
			difficulty=21,
			steps=7065,
			bpm_tier=210,
			measures=438,
			adj_stream=0.9733,
			bpm=216,
			length=8.63,
			dp=131, ep=924, dp_ep=1000, rp=5000,
		},
		{
			id=59,
			name="Ride the Centaurus FB 218",
			pack="Scrapyard Kent",
			difficulty=21,
			steps=6820,
			bpm_tier=210,
			measures=406,
			adj_stream=0.9291,
			bpm=218,
			length=8.77,
			dp=174, ep=847, dp_ep=802, rp=5000,
		},
		{
			id=60,
			name="The Body Cosmic",
			pack="Skittles Stream Collection",
			difficulty=21,
			steps=6952,
			bpm_tier=220,
			measures=425,
			adj_stream=0.8817,
			bpm=220,
			length=9,
			dp=218, ep=770, dp_ep=609, rp=5000,
		},
		{
			id=61,
			name="Stay Safe",
			pack="Dark Psychungus",
			difficulty=21,
			steps=6346,
			bpm_tier=220,
			measures=374,
			adj_stream=0.8926,
			bpm=220,
			length=8.02,
			dp=218, ep=693, dp_ep=158, rp=5000,
		},
		{
			id=62,
			name="Cyberware Factory",
			pack="selected yutsi works",
			difficulty=21,
			steps=4326,
			bpm_tier=220,
			measures=254,
			adj_stream=0.8581,
			bpm=229,
			length=5.65,
			dp=414, ep=616, dp_ep=854, rp=5000,
		},
		{
			id=63,
			name="Venus Fire (Hard)",
			pack="Saitama's Ultimate Weapon",
			difficulty=21,
			steps=4517,
			bpm_tier=230,
			measures=262,
			adj_stream=0.8371,
			bpm=230,
			length=5.83,
			dp=435, ep=539, dp_ep=527, rp=5000,
		},
		{
			id=64,
			name="CAFO (Hard)",
			pack="yutsi-type beats",
			difficulty=21,
			steps=4617,
			bpm_tier=230,
			measures=259,
			adj_stream=0.7194,
			bpm=233,
			length=6.53,
			dp=500, ep=385, dp_ep=6, rp=5000,
		},
		{
			id=65,
			name="Cerveau (Pattern J Remix) FB 234",
			pack="Kyypakkaus 2",
			difficulty=21,
			steps=3536,
			bpm_tier=230,
			measures=206,
			adj_stream=0.8306,
			bpm=234,
			length=4.5,
			dp=522, ep=462, dp_ep=585, rp=5000,
		},
		{
			id=66,
			name="Murder Liner",
			pack="Kyypakkaus 2",
			difficulty=21,
			steps=2933,
			bpm_tier=240,
			measures=157,
			adj_stream=0.7269,
			bpm=240,
			length=4.1,
			dp=653, ep=308, dp_ep=451, rp=5000,
		},
		{
			id=67,
			name="Jesus is the Answer",
			pack="Junts 2",
			difficulty=21,
			steps=2708,
			bpm_tier=240,
			measures=154,
			adj_stream=0.7299,
			bpm=240,
			length=3.78,
			dp=653, ep=231, dp_ep=0, rp=5000,
		},
		{
			id=68,
			name="Soul Surrender",
			pack="Kyypakkaus 2",
			difficulty=21,
			steps=1967,
			bpm_tier=240,
			measures=106,
			adj_stream=0.6235,
			bpm=248,
			length=2.87,
			dp=827, ep=77, dp_ep=117, rp=5000,
		},
		{
			id=69,
			name="The Morning After The Storm (Hard)",
			pack="Trails of Cold Stream IV",
			difficulty=21,
			steps=2739,
			bpm_tier=250,
			measures=144,
			adj_stream=0.6729,
			bpm=250,
			length=3.49,
			dp=870, ep=154, dp_ep=819, rp=5000,
		},
		{
			id=70,
			name="Witches Brew",
			pack="Content Cop - Tachyon Epsilon",
			difficulty=21,
			steps=1262,
			bpm_tier=250,
			measures=64,
			adj_stream=0.64,
			bpm=256,
			length=2.23,
			dp=1000, ep=0, dp_ep=679, rp=5000,
		},
		{
			id=71,
			name="Nachmancore",
			pack="Big Waves",
			difficulty=22,
			steps=13281,
			bpm_tier=220,
			measures=768,
			adj_stream=0.8828,
			bpm=225,
			length=16.14,
			dp=122, ep=1000, dp_ep=595, rp=6000,
		},
		{
			id=72,
			name="Spacetime FB 220",
			pack="Big Waves",
			difficulty=22,
			steps=8449,
			bpm_tier=220,
			measures=528,
			adj_stream=1,
			bpm=220,
			length=9.82,
			dp=0, ep=924, dp_ep=29, rp=6000,
		},
		{
			id=73,
			name="Lunar Butterfly FB 227",
			pack="Big Waves",
			difficulty=22,
			steps=7834,
			bpm_tier=220,
			measures=472,
			adj_stream=0.8551,
			bpm=227,
			length=10.5,
			dp=171, ep=770, dp_ep=78, rp=6000,
		},
		{
			id=74,
			name="Sujetjas Tanjec",
			pack="Kyypakkaus 2",
			difficulty=22,
			steps=9367,
			bpm_tier=230,
			measures=543,
			adj_stream=0.7858,
			bpm=230,
			length=12.49,
			dp=244, ep=847, dp_ep=506, rp=6000,
		},
		{
			id=75,
			name="Robot Brain Era FB 230",
			pack="Cirque du Huayra",
			difficulty=22,
			steps=5535,
			bpm_tier=230,
			measures=324,
			adj_stream=0.8757,
			bpm=230,
			length=6.68,
			dp=244, ep=693, dp_ep=66, rp=6000,
		},
		{
			id=76,
			name="Ralph Wiggum",
			pack="selected yutsi works",
			difficulty=22,
			steps=2690,
			bpm_tier=230,
			measures=168,
			adj_stream=1,
			bpm=237,
			length=2.91,
			dp=415, ep=616, dp_ep=335, rp=6000,
		},
		{
			id=77,
			name="Plastic Love (Night Tempo 100% Pure Remastered)",
			pack="City Pop",
			difficulty=22,
			steps=3210,
			bpm_tier=240,
			measures=188,
			adj_stream=0.8868,
			bpm=240,
			length=3.97,
			dp=488, ep=539, dp_ep=323, rp=6000,
		},
		{
			id=78,
			name="Nyan-Nyan Naughty Night",
			pack="epic",
			difficulty=22,
			steps=2156,
			bpm_tier=240,
			measures=132,
			adj_stream=0.9706,
			bpm=242,
			length=2.38,
			dp=537, ep=462, dp_ep=243, rp=6000,
		},
		{
			id=79,
			name="Tragedy",
			pack="BangerZ 3",
			difficulty=22,
			steps=2589,
			bpm_tier=240,
			measures=130,
			adj_stream=0.6989,
			bpm=248,
			length=3.84,
			dp=683, ep=231, dp_ep=0, rp=6000,
		},
		{
			id=80,
			name="Musician (mitei bootleg)",
			pack="Big Waves",
			difficulty=22,
			steps=2954,
			bpm_tier=250,
			measures=162,
			adj_stream=0.7364,
			bpm=256,
			length=3.64,
			dp=879, ep=385, dp_ep=1000, rp=6000,
		},
		{
			id=81,
			name="Truckers Delight (Hard)",
			pack="yutsi-type beats",
			difficulty=22,
			steps=2391,
			bpm_tier=250,
			measures=140,
			adj_stream=0.7778,
			bpm=252,
			length=3.27,
			dp=781, ep=308, dp_ep=500, rp=6000,
		},
		{
			id=82,
			name="Yamada Stream",
			pack="Content Cop - Tachyon Epsilon",
			difficulty=22,
			steps=1679,
			bpm_tier=250,
			measures=95,
			adj_stream=0.8407,
			bpm=255,
			length=1.91,
			dp=854, ep=154, dp_ep=269, rp=6000,
		},
		{
			id=83,
			name="Fergalicious For Businalicious 261",
			pack="BangerZ 3",
			difficulty=22,
			steps=2567,
			bpm_tier=260,
			measures=122,
			adj_stream=0.4919,
			bpm=261,
			length=4.02,
			dp=1000, ep=0, dp_ep=246, rp=6000,
		},
		{
			id=84,
			name="Illegal Function Call (Hard)",
			pack="streammania IIDX",
			difficulty=22,
			steps=1550,
			bpm_tier=260,
			measures=92,
			adj_stream=0.7541,
			bpm=260,
			length=1.97,
			dp=976, ep=77, dp_ep=398, rp=6000,
		},
	}
}
