ECS.SongInfo.Upper = {
	-- These values will be calculated and set below.
	MinBpm = 0,
	MaxBpm = 0,
	MinScaled16ths = 0,
	MaxScaled16ths = 0,
	MinBlockLevel = 0,
	MaxBlockLevel = 0,
	MinLength = 0,
	Songs = {
		{
			id=1,
			name="Nachmancore",
			pack="Big Waves",
			difficulty=22,
			steps=13281,
			bpm_tier=220,
			measures=768,
			adj_stream=0.8828,
			bpm=225,
			length=16.14,
			dp=122, ep=1000, dp_ep=595, rp=1000,
		},
		{
			id=2,
			name="Spacetime FB 220",
			pack="Big Waves",
			difficulty=22,
			steps=8449,
			bpm_tier=220,
			measures=528,
			adj_stream=1,
			bpm=220,
			length=9.82,
			dp=0, ep=924, dp_ep=29, rp=1000,
		},
		{
			id=3,
			name="Lunar Butterfly FB 227",
			pack="Big Waves",
			difficulty=22,
			steps=7834,
			bpm_tier=220,
			measures=472,
			adj_stream=0.8551,
			bpm=227,
			length=10.5,
			dp=171, ep=770, dp_ep=78, rp=1000,
		},
		{
			id=4,
			name="Sujetjas Tanjec",
			pack="Kyypakkaus 2",
			difficulty=22,
			steps=9367,
			bpm_tier=230,
			measures=543,
			adj_stream=0.7858,
			bpm=230,
			length=12.49,
			dp=244, ep=847, dp_ep=506, rp=1000,
		},
		{
			id=5,
			name="Robot Brain Era FB 230",
			pack="Cirque du Huayra",
			difficulty=22,
			steps=5535,
			bpm_tier=230,
			measures=324,
			adj_stream=0.8757,
			bpm=230,
			length=6.68,
			dp=244, ep=693, dp_ep=66, rp=1000,
		},
		{
			id=6,
			name="Ralph Wiggum",
			pack="selected yutsi works",
			difficulty=22,
			steps=2690,
			bpm_tier=230,
			measures=168,
			adj_stream=1,
			bpm=237,
			length=2.91,
			dp=415, ep=616, dp_ep=335, rp=1000,
		},
		{
			id=7,
			name="Plastic Love (Night Tempo 100% Pure Remastered)",
			pack="City Pop",
			difficulty=22,
			steps=3210,
			bpm_tier=240,
			measures=188,
			adj_stream=0.8868,
			bpm=240,
			length=3.97,
			dp=488, ep=539, dp_ep=323, rp=1000,
		},
		{
			id=8,
			name="Nyan-Nyan Naughty Night",
			pack="epic",
			difficulty=22,
			steps=2156,
			bpm_tier=240,
			measures=132,
			adj_stream=0.9706,
			bpm=242,
			length=2.38,
			dp=537, ep=462, dp_ep=243, rp=1000,
		},
		{
			id=9,
			name="Tragedy",
			pack="BangerZ 3",
			difficulty=22,
			steps=2589,
			bpm_tier=240,
			measures=130,
			adj_stream=0.7065,
			bpm=248,
			length=3.84,
			dp=683, ep=231, dp_ep=0, rp=1000,
		},
		{
			id=10,
			name="Musician (mitei bootleg)",
			pack="Big Waves",
			difficulty=22,
			steps=2954,
			bpm_tier=250,
			measures=162,
			adj_stream=0.7364,
			bpm=256,
			length=3.64,
			dp=879, ep=385, dp_ep=1000, rp=1000,
		},
		{
			id=11,
			name="Truckers Delight (Hard)",
			pack="yutsi-type beats",
			difficulty=22,
			steps=2391,
			bpm_tier=250,
			measures=140,
			adj_stream=0.7778,
			bpm=252,
			length=3.27,
			dp=781, ep=308, dp_ep=500, rp=1000,
		},
		{
			id=12,
			name="Yamada Stream",
			pack="Content Cop - Tachyon Epsilon",
			difficulty=22,
			steps=1679,
			bpm_tier=250,
			measures=95,
			adj_stream=0.8407,
			bpm=255,
			length=1.91,
			dp=854, ep=154, dp_ep=269, rp=1000,
		},
		{
			id=13,
			name="Fergalicious For Businalicious 261",
			pack="BangerZ 3",
			difficulty=22,
			steps=2567,
			bpm_tier=260,
			measures=122,
			adj_stream=0.4919,
			bpm=261,
			length=4.02,
			dp=1000, ep=0, dp_ep=246, rp=1000,
		},
		{
			id=14,
			name="Illegal Function Call (Hard)",
			pack="streammania IIDX",
			difficulty=22,
			steps=1550,
			bpm_tier=260,
			measures=92,
			adj_stream=0.7541,
			bpm=260,
			length=1.97,
			dp=976, ep=77, dp_ep=398, rp=1000,
		},
		{
			id=15,
			name="Animu Music Triad FB 230",
			pack="Big Waves",
			difficulty=23,
			steps=24155,
			bpm_tier=230,
			measures=1432,
			adj_stream=0.8529,
			bpm=221,
			length=31.68,
			dp=0, ep=1000, dp_ep=224, rp=2000,
		},
		{
			id=16,
			name="Stars FB 237",
			pack="Big Waves",
			difficulty=23,
			steps=6317,
			bpm_tier=230,
			measures=381,
			adj_stream=0.9525,
			bpm=237,
			length=7.32,
			dp=327, ep=875, dp_ep=1000, rp=2000,
		},
		{
			id=17,
			name="Nose Feeder",
			pack="yutsi-type beats",
			difficulty=23,
			steps=4200,
			bpm_tier=240,
			measures=260,
			adj_stream=0.9811,
			bpm=240,
			length=4.6,
			dp=388, ep=750, dp_ep=754, rp=2000,
		},
		{
			id=18,
			name="Descendant of Genos",
			pack="Trails of Cold Stream III",
			difficulty=23,
			steps=2893,
			bpm_tier=240,
			measures=168,
			adj_stream=0.8485,
			bpm=248,
			length=3.85,
			dp=552, ep=625, dp_ep=904, rp=2000,
		},
		{
			id=19,
			name="Raven",
			pack="Kyypakkaus 2",
			difficulty=23,
			steps=2444,
			bpm_tier=250,
			measures=144,
			adj_stream=0.8944,
			bpm=250,
			length=2.75,
			dp=592, ep=500, dp_ep=577, rp=2000,
		},
		{
			id=20,
			name="Writhe in Pain",
			pack="epic",
			difficulty=23,
			steps=2115,
			bpm_tier=250,
			measures=108,
			adj_stream=0.871,
			bpm=258,
			length=2.59,
			dp=756, ep=250, dp_ep=247, rp=2000,
		},
		{
			id=21,
			name="Free Will",
			pack="Big Waves",
			difficulty=23,
			steps=1633,
			bpm_tier=260,
			measures=96,
			adj_stream=1,
			bpm=260,
			length=1.88,
			dp=796, ep=375, dp_ep=881, rp=2000,
		},
		{
			id=22,
			name="Dear You",
			pack="itg! Rhythm is just a step away",
			difficulty=23,
			steps=1642,
			bpm_tier=260,
			measures=93,
			adj_stream=0.823,
			bpm=261,
			length=1.95,
			dp=817, ep=125, dp_ep=0, rp=2000,
		},
		{
			id=23,
			name="Bad Guy",
			pack="BangerZ 3",
			difficulty=23,
			steps=1325,
			bpm_tier=270,
			measures=75,
			adj_stream=0.7353,
			bpm=270,
			length=1.9,
			dp=1000, ep=0, dp_ep=224, rp=2000,
		},
		{
			id=24,
			name="Accel Zero FB 245",
			pack="Big Waves",
			difficulty=24,
			steps=15940,
			bpm_tier=240,
			measures=864,
			adj_stream=0.7359,
			bpm=245,
			length=19.77,
			dp=0, ep=1000, dp_ep=597, rp=3000,
		},
		{
			id=25,
			name="promise",
			pack="epic",
			difficulty=24,
			steps=4014,
			bpm_tier=240,
			measures=240,
			adj_stream=0.9677,
			bpm=248,
			length=4.47,
			dp=86, ep=875, dp_ep=471, rp=3000,
		},
		{
			id=26,
			name="Over The Fullerene Acid Trip (mashup by glory limited)",
			pack="Feelin' Rusty 4",
			difficulty=24,
			steps=3072,
			bpm_tier=250,
			measures=192,
			adj_stream=1,
			bpm=253,
			length=3.15,
			dp=229, ep=750, dp_ep=530, rp=3000,
		},
		{
			id=27,
			name="Molten Crater",
			pack="the",
			difficulty=24,
			steps=2978,
			bpm_tier=250,
			measures=182,
			adj_stream=0.9785,
			bpm=256,
			length=3.27,
			dp=315, ep=500, dp_ep=0, rp=3000,
		},
		{
			id=28,
			name="Fuuga",
			pack="Saitama's Ultimate Weapon",
			difficulty=24,
			steps=3642,
			bpm_tier=260,
			measures=213,
			adj_stream=0.9064,
			bpm=260,
			length=3.83,
			dp=429, ep=625, dp_ep=771, rp=3000,
		},
		{
			id=29,
			name="Liquid (Hard) (Paul Rosenthal Remix)",
			pack="itg! Rhythm is just a step away",
			difficulty=24,
			steps=2192,
			bpm_tier=260,
			measures=128,
			adj_stream=0.8,
			bpm=266,
			length=3.16,
			dp=600, ep=375, dp_ep=517, rp=3000,
		},
		{
			id=30,
			name="Fur and Claw",
			pack="Big Waves",
			difficulty=24,
			steps=1797,
			bpm_tier=270,
			measures=92,
			adj_stream=0.807,
			bpm=270,
			length=2.31,
			dp=715, ep=250, dp_ep=484, rp=3000,
		},
		{
			id=31,
			name="Amor de Verao",
			pack="streammania IIDX",
			difficulty=24,
			steps=1628,
			bpm_tier=270,
			measures=84,
			adj_stream=0.6885,
			bpm=276,
			length=2,
			dp=886, ep=0, dp_ep=230, rp=3000,
		},
		{
			id=32,
			name="Fire Hive (Hard)",
			pack="itg! Rhythm is just a step away",
			difficulty=24,
			steps=1286,
			bpm_tier=280,
			measures=60,
			adj_stream=1,
			bpm=280,
			length=1.97,
			dp=1000, ep=125, dp_ep=1000, rp=3000,
		},
		{
			id=33,
			name="Get Deaded (Rerestep) FP 240",
			pack="Big Waves",
			difficulty=25,
			steps=18045,
			bpm_tier=240,
			measures=1082,
			adj_stream=0.9201,
			bpm=240,
			length=20.7,
			dp=0, ep=1000, dp_ep=140, rp=4000,
		},
		{
			id=34,
			name="Paranoid",
			pack="Big Waves",
			difficulty=25,
			steps=4548,
			bpm_tier=250,
			measures=273,
			adj_stream=0.9286,
			bpm=257,
			length=5.01,
			dp=340, ep=875, dp_ep=1000, rp=4000,
		},
		{
			id=35,
			name="Image Material <Version 0>",
			pack="itg! Rhythm is just a step away",
			difficulty=25,
			steps=5071,
			bpm_tier=260,
			measures=302,
			adj_stream=0.858,
			bpm=260,
			length=6.46,
			dp=400, ep=750, dp_ep=740, rp=4000,
		},
		{
			id=36,
			name="Avid (Ayatori DnB Edit)",
			pack="Big Waves",
			difficulty=25,
			steps=3918,
			bpm_tier=260,
			measures=228,
			adj_stream=0.8669,
			bpm=266,
			length=4.54,
			dp=520, ep=625, dp_ep=720, rp=4000,
		},
		{
			id=37,
			name="Ashes on The Fire",
			pack="Big Waves",
			difficulty=25,
			steps=3174,
			bpm_tier=270,
			measures=178,
			adj_stream=0.7807,
			bpm=272,
			length=3.82,
			dp=640, ep=375, dp_ep=200, rp=4000,
		},
		{
			id=38,
			name="Scias",
			pack="Trails of Cold Stream IV",
			difficulty=25,
			steps=2838,
			bpm_tier=270,
			measures=171,
			adj_stream=0.9,
			bpm=274,
			length=2.92,
			dp=680, ep=500, dp_ep=860, rp=4000,
		},
		{
			id=39,
			name="Ruby Illusions",
			pack="The Sound of Speed",
			difficulty=25,
			steps=1984,
			bpm_tier=280,
			measures=108,
			adj_stream=0.806,
			bpm=280,
			length=2.2,
			dp=800, ep=250, dp_ep=340, rp=4000,
		},
		{
			id=40,
			name="Oblivion ~Rockin' Night Style~",
			pack="fof 2",
			difficulty=25,
			steps=1359,
			bpm_tier=280,
			measures=71,
			adj_stream=0.9595,
			bpm=282,
			length=1.93,
			dp=840, ep=125, dp_ep=0, rp=4000,
		},
		{
			id=41,
			name="PARANOIA survivor MAX",
			pack="Dump Dump Revolution",
			difficulty=25,
			steps=1418,
			bpm_tier=290,
			measures=78,
			adj_stream=0.7879,
			bpm=290,
			length=1.58,
			dp=1000, ep=0, dp_ep=140, rp=4000,
		},
		{
			id=42,
			name="Apocalyptic Dawn",
			pack="Big Waves",
			difficulty=26,
			steps=16956,
			bpm_tier=260,
			measures=1018,
			adj_stream=0.8164,
			bpm=260,
			length=20.97,
			dp=0, ep=1000, dp_ep=400, rp=5000,
		},
		{
			id=43,
			name="Hunting For Your Dream",
			pack="Big Waves",
			difficulty=26,
			steps=4805,
			bpm_tier=260,
			measures=284,
			adj_stream=0.8987,
			bpm=267,
			length=4.97,
			dp=180, ep=858, dp_ep=556, rp=5000,
		},
		{
			id=44,
			name="Scarlet Devil",
			pack="Bigger Waves",
			difficulty=26,
			steps=4520,
			bpm_tier=270,
			measures=267,
			adj_stream=0.8783,
			bpm=272,
			length=4.82,
			dp=308, ep=715, dp_ep=494, rp=5000,
		},
		{
			id=45,
			name="Gens d'Leges 5",
			pack="fof",
			difficulty=26,
			steps=2717,
			bpm_tier=270,
			measures=167,
			adj_stream=1,
			bpm=274,
			length=2.73,
			dp=359, ep=572, dp_ep=119, rp=5000,
		},
		{
			id=46,
			name="Doomsday Zone",
			pack="The Sound of Speed",
			difficulty=26,
			steps=2100,
			bpm_tier=280,
			measures=128,
			adj_stream=0.9846,
			bpm=288,
			length=2.06,
			dp=718, ep=429, dp_ep=1000, rp=5000,
		},
		{
			id=47,
			name="Soar ~Stay With Me~",
			pack="fof 2",
			difficulty=26,
			steps=1977,
			bpm_tier=280,
			measures=120,
			adj_stream=1,
			bpm=284,
			length=1.89,
			dp=616, ep=286, dp_ep=0, rp=5000,
		},
		{
			id=48,
			name="Southcoast Calling (Medium)",
			pack="BangerZ 3",
			difficulty=26,
			steps=2750,
			bpm_tier=290,
			measures=141,
			adj_stream=0.5755,
			bpm=299,
			length=3.46,
			dp=1000, ep=0, dp_ep=400, rp=5000,
		},
		{
			id=49,
			name="SpaceRage",
			pack="Theoretical Chiptune Pack",
			difficulty=26,
			steps=1947,
			bpm_tier=290,
			measures=116,
			adj_stream=0.8169,
			bpm=291,
			length=2.35,
			dp=795, ep=143, dp_ep=147, rp=5000,
		},
		{
			id=50,
			name="untitled djkurara mix FB 265",
			pack="Big Waves",
			difficulty=27,
			steps=17783,
			bpm_tier=260,
			measures=1032,
			adj_stream=0.81,
			bpm=265,
			length=19.79,
			dp=0, ep=1000, dp_ep=382, rp=6000,
		},
		{
			id=51,
			name="Lovelyteks FP 184",
			pack="Theoretical Sharpnel Pack",
			difficulty=27,
			steps=4998,
			bpm_tier=270,
			measures=312,
			adj_stream=0.9811,
			bpm=276,
			length=4.65,
			dp=440, ep=667, dp_ep=1000, rp=6000,
		},
		{
			id=52,
			name="Pushing Onwards",
			pack="Theoretical Chiptune Pack",
			difficulty=27,
			steps=3790,
			bpm_tier=280,
			measures=234,
			adj_stream=1,
			bpm=280,
			length=3.66,
			dp=600, ep=334, dp_ep=0, rp=6000,
		},
		{
			id=53,
			name="Bye Bye Baby Balloon",
			pack="BangerZ 3",
			difficulty=27,
			steps=2465,
			bpm_tier=290,
			measures=148,
			adj_stream=0.9024,
			bpm=290,
			length=2.47,
			dp=1000, ep=0, dp_ep=382, rp=6000,
		},
	}
}
